<?xml version="1.0" encoding="UTF-8"?>
<!-- Generated by org.testng.reporters.JUnitXMLReporter -->
<testsuite hostname="E7450" ignored="0" name="Default test" tests="5" failures="0" timestamp="03 Jul 2018 02:00:21 GMT" time="18.065" errors="0">
  <testcase name="testCase1" time="4.024" classname="com.Olympics"/>
  <testcase name="testCase2" time="2.573" classname="com.Olympics"/>
  <testcase name="testCase3" time="1.5" classname="com.Olympics"/>
  <testcase name="testCase4" time="2.765" classname="com.Olympics"/>
  <testcase name="testCase5" time="1.333" classname="com.Olympics"/>
</testsuite> <!-- Default test -->
