<?xml version="1.0" encoding="UTF-8"?>
<testng-results skipped="0" failed="0" ignored="0" total="5" passed="5">
  <reporter-output>
  </reporter-output>
  <suite name="Default suite" duration-ms="18065" started-at="2018-07-03T02:00:03Z" finished-at="2018-07-03T02:00:21Z">
    <groups>
    </groups>
    <test name="Default test" duration-ms="18065" started-at="2018-07-03T02:00:03Z" finished-at="2018-07-03T02:00:21Z">
      <class name="com.Olympics">
        <test-method status="PASS" signature="setup()[pri:0, instance:com.Olympics@6a41eaa2]" name="setup" is-config="true" duration-ms="5057" started-at="2018-07-03T02:00:03Z" finished-at="2018-07-03T02:00:08Z">
          <reporter-output>
          </reporter-output>
        </test-method> <!-- setup -->
        <test-method status="PASS" signature="testCase1()[pri:0, instance:com.Olympics@6a41eaa2]" name="testCase1" duration-ms="4024" started-at="2018-07-03T02:00:08Z" finished-at="2018-07-03T02:00:12Z">
          <reporter-output>
          </reporter-output>
        </test-method> <!-- testCase1 -->
        <test-method status="PASS" signature="testCase2()[pri:0, instance:com.Olympics@6a41eaa2]" name="testCase2" duration-ms="2573" started-at="2018-07-03T02:00:12Z" finished-at="2018-07-03T02:00:14Z">
          <reporter-output>
          </reporter-output>
        </test-method> <!-- testCase2 -->
        <test-method status="PASS" signature="testCase3()[pri:0, instance:com.Olympics@6a41eaa2]" name="testCase3" duration-ms="1500" started-at="2018-07-03T02:00:14Z" finished-at="2018-07-03T02:00:16Z">
          <reporter-output>
          </reporter-output>
        </test-method> <!-- testCase3 -->
        <test-method status="PASS" signature="testCase4()[pri:0, instance:com.Olympics@6a41eaa2]" name="testCase4" duration-ms="2765" started-at="2018-07-03T02:00:16Z" finished-at="2018-07-03T02:00:19Z">
          <reporter-output>
          </reporter-output>
        </test-method> <!-- testCase4 -->
        <test-method status="PASS" signature="testCase5()[pri:0, instance:com.Olympics@6a41eaa2]" name="testCase5" duration-ms="1333" started-at="2018-07-03T02:00:19Z" finished-at="2018-07-03T02:00:20Z">
          <reporter-output>
          </reporter-output>
        </test-method> <!-- testCase5 -->
        <test-method status="PASS" signature="tearDown()[pri:0, instance:com.Olympics@6a41eaa2]" name="tearDown" is-config="true" duration-ms="798" started-at="2018-07-03T02:00:20Z" finished-at="2018-07-03T02:00:21Z">
          <reporter-output>
          </reporter-output>
        </test-method> <!-- tearDown -->
      </class> <!-- com.Olympics -->
    </test> <!-- Default test -->
  </suite> <!-- Default suite -->
</testng-results>
