<?xml version="1.0" encoding="UTF-8"?>
<testng-results skipped="0" failed="0" ignored="0" total="5" passed="5">
  <reporter-output>
  </reporter-output>
  <suite name="Default suite" duration-ms="17010" started-at="2018-07-03T14:26:15Z" finished-at="2018-07-03T14:26:32Z">
    <groups>
    </groups>
    <test name="Default test" duration-ms="17010" started-at="2018-07-03T14:26:15Z" finished-at="2018-07-03T14:26:32Z">
      <class name="com.Olympics">
        <test-method status="PASS" signature="setup()[pri:0, instance:com.Olympics@6a41eaa2]" name="setup" is-config="true" duration-ms="4208" started-at="2018-07-03T14:26:15Z" finished-at="2018-07-03T14:26:19Z">
          <reporter-output>
          </reporter-output>
        </test-method> <!-- setup -->
        <test-method status="PASS" signature="testCase1()[pri:0, instance:com.Olympics@6a41eaa2]" name="testCase1" duration-ms="3581" started-at="2018-07-03T14:26:19Z" finished-at="2018-07-03T14:26:23Z">
          <reporter-output>
          </reporter-output>
        </test-method> <!-- testCase1 -->
        <test-method status="PASS" signature="testCase2()[pri:0, instance:com.Olympics@6a41eaa2]" name="testCase2" duration-ms="2784" started-at="2018-07-03T14:26:23Z" finished-at="2018-07-03T14:26:26Z">
          <reporter-output>
          </reporter-output>
        </test-method> <!-- testCase2 -->
        <test-method status="PASS" signature="testCase3()[pri:0, instance:com.Olympics@6a41eaa2]" name="testCase3" duration-ms="1729" started-at="2018-07-03T14:26:26Z" finished-at="2018-07-03T14:26:27Z">
          <reporter-output>
          </reporter-output>
        </test-method> <!-- testCase3 -->
        <test-method status="PASS" signature="testCase4()[pri:0, instance:com.Olympics@6a41eaa2]" name="testCase4" duration-ms="2538" started-at="2018-07-03T14:26:27Z" finished-at="2018-07-03T14:26:30Z">
          <reporter-output>
          </reporter-output>
        </test-method> <!-- testCase4 -->
        <test-method status="PASS" signature="testCase5()[pri:0, instance:com.Olympics@6a41eaa2]" name="testCase5" duration-ms="1286" started-at="2018-07-03T14:26:30Z" finished-at="2018-07-03T14:26:31Z">
          <reporter-output>
          </reporter-output>
        </test-method> <!-- testCase5 -->
        <test-method status="PASS" signature="tearDown()[pri:0, instance:com.Olympics@6a41eaa2]" name="tearDown" is-config="true" duration-ms="784" started-at="2018-07-03T14:26:31Z" finished-at="2018-07-03T14:26:32Z">
          <reporter-output>
          </reporter-output>
        </test-method> <!-- tearDown -->
      </class> <!-- com.Olympics -->
    </test> <!-- Default test -->
  </suite> <!-- Default suite -->
</testng-results>
